

0 2000000000 2000000000 74 2000000000 2000000000 2000000000 2000000000 20 2000000000 
0 2000000000 88 38 60 2000000000 2000000000 2000000000 20 2000000000 
0 141 64 38 48 128 153 2000000000 20 2000000000 
0 117 52 38 48 104 129 157 20 167 
0 105 52 38 48 92 117 133 20 143 
0 105 52 38 48 92 105 121 20 131 
0 105 52 38 48 92 105 115 20 125 
0 105 52 38 48 92 105 115 20 125 
0 105 52 38 48 92 105 115 20 125 125 0 8 3 4 2 5 6 9


0 53 2000000000 2000000000 2000000000 2000000000 65 18 2000000000 2000000000 
0 35 2000000000 63 81 2000000000 35 18 2000000000 2000000000 
0 35 2000000000 45 51 2000000000 35 18 148 2000000000 
0 35 233 45 51 213 35 18 130 189 
0 35 215 45 51 195 35 18 130 171 
0 35 203 45 51 195 35 18 130 171 
0 35 203 45 51 195 35 18 130 171 
0 35 203 45 51 195 35 18 130 171 
0 35 203 45 51 195 35 18 130 171 171 0 7 1 3 8 9


0 89 2000000000 72 2000000000 5 2000000000 2000000000 2000000000 2000000000 
0 63 2000000000 46 97 5 157 115 2000000000 2000000000 
0 51 204 46 71 5 125 89 165 222 
0 51 178 46 71 5 99 77 139 182 
0 51 160 46 71 5 87 77 115 156 
0 51 148 46 71 5 87 77 103 132 
0 51 140 46 71 5 87 77 103 120 
0 51 140 46 71 5 87 77 103 120 
0 51 140 46 71 5 87 77 103 120 120 0 5 3 1 7 6 8 9


0 2000000000 2000000000 2000000000 2000000000 16 2000000000 2000000000 2000000000 2000000000 
0 2000000000 2000000000 2000000000 2000000000 16 113 2000000000 2000000000 2000000000 
0 178 150 130 149 16 113 2000000000 2000000000 2000000000 
0 150 134 130 149 16 113 2000000000 201 175 
0 142 134 130 149 16 113 2000000000 201 175 
0 142 134 130 149 16 113 2000000000 201 175 
0 142 134 130 149 16 113 2000000000 201 175 
0 142 134 130 149 16 113 2000000000 201 175 
0 142 134 130 149 16 113 2000000000 201 175 175 0 5 6 4 9


0 85 2000000000 2000000000 2000000000 20 65 2000000000 2000000000 2000000000 
0 45 70 155 145 20 45 2000000000 145 2000000000 
0 45 50 135 125 20 45 198 125 220 
0 45 50 127 125 20 45 178 125 200 
0 45 50 127 125 20 45 178 125 192 
0 45 50 127 125 20 45 178 125 192 
0 45 50 127 125 20 45 178 125 192 
0 45 50 127 125 20 45 178 125 192 
0 45 50 127 125 20 45 178 125 192 192 0 5 6 8 3 9


0 16 2000000000 2000000000 2000000000 2000000000 2000000000 34 2000000000 2000000000 
0 16 2000000000 68 2000000000 2000000000 134 26 2000000000 2000000000 
0 16 105 60 108 2000000000 94 26 2000000000 2000000000 
0 16 97 60 100 160 86 26 125 173 
0 16 97 60 100 152 86 26 117 145 
0 16 97 60 100 146 86 26 117 137 
0 16 97 60 100 146 86 26 117 137 
0 16 97 60 100 146 86 26 117 137 
0 16 97 60 100 146 86 26 117 137 137 0 1 7 3 2 8 9


0 2000000000 49 58 2000000000 2000000000 2000000000 2000000000 2000000000 2000000000 
0 66 49 58 2000000000 78 2000000000 107 143 2000000000 
0 66 49 58 153 78 183 83 115 208 
0 66 49 58 125 78 155 83 115 178 
0 66 49 58 125 78 143 83 115 150 
0 66 49 58 125 78 143 83 115 150 
0 66 49 58 125 78 143 83 115 150 
0 66 49 58 125 78 143 83 115 150 
0 66 49 58 125 78 143 83 115 150 150 0 3 1 8 4 9


0 2000000000 2000000000 2000000000 2000000000 2000000000 2000000000 53 2000000000 2000000000 
0 2000000000 2000000000 2000000000 2000000000 2000000000 63 53 66 2000000000 
0 2000000000 2000000000 166 2000000000 148 63 53 64 2000000000 
0 182 2000000000 150 248 146 63 53 64 2000000000 
0 170 218 148 216 146 63 53 64 282 
0 168 206 148 204 146 63 53 64 270 
0 168 204 148 202 146 63 53 64 268 
0 168 204 148 202 146 63 53 64 268 
0 168 204 148 202 146 63 53 64 268 268 0 7 6 8 5 3 1 9


0 2000000000 32 2000000000 2000000000 2000000000 2000000000 72 2000000000 2000000000 
0 161 32 2000000000 2000000000 105 153 40 2000000000 2000000000 
0 129 32 169 177 101 121 40 211 238 
0 129 32 137 145 101 121 40 179 198 
0 129 32 137 145 101 121 40 155 166 
0 129 32 137 145 101 121 40 155 166 
0 129 32 137 145 101 121 40 155 166 
0 129 32 137 145 101 121 40 155 166 
0 129 32 137 145 101 121 40 155 166 166 0 2 7 6 3 9


0 2000000000 2000000000 2000000000 2000000000 100 64 16 2000000000 2000000000 
0 81 2000000000 149 154 52 64 16 2000000000 2000000000 
0 69 159 149 154 52 64 16 164 228 
0 69 159 149 154 52 64 16 164 216 
0 69 159 149 154 52 64 16 164 216 
0 69 159 149 154 52 64 16 164 216 
0 69 159 149 154 52 64 16 164 216 
0 69 159 149 154 52 64 16 164 216 
0 69 159 149 154 52 64 16 164 216 216 0 6 4 8 9
