
0 2135137969 2135137969 74 2135137969 2135137969 2135137969 2135137969 20 2135137969 
0 2135137969 88 38 60 2135137969 2135137969 2135137969 20 2135137969 
0 141 64 38 48 128 153 2135137969 20 2135137969 
0 117 52 38 48 104 129 157 20 167 
0 105 52 38 48 92 117 133 20 143 
0 105 52 38 48 92 105 121 20 131 
0 105 52 38 48 92 105 115 20 125 
0 105 52 38 48 92 105 115 20 125 
0 105 52 38 48 92 105 115 20 125 125 0 8 3 4 2 5 6 9

0 53 2135137884 2135137969 2135137879 2135137969 -65 18 2135137884 2135137969 
-130 -31 2135137799 7 -81 2135137892 -65 -48 2135137799 2135137925 
-130 -77 2135137714 -21 -121 2135137807 -195 -112 -78 2135137840 
-260 -161 -163 -123 -211 -13 -195 -178 -106 -37 
-260 -207 -191 -151 -251 -155 -325 -242 -248 -89 
-390 -291 -333 -253 -341 -183 -325 -308 -276 -207 
-390 -337 -361 -281 -381 -325 -455 -372 -418 -259 
-520 -421 -503 -383 -471 -353 -455 -438 -446 -377 
-520 -467 -531 -411 -511 -495 -585 -502 -588 -429 LOOP

0 89 2135137880 72 2135137943 5 2135137901 2135137969 2135137919 2135137969 
0 63 2135137840 46 47 5 21 115 2135137843 2135137914 
-26 51 -40 46 21 5 -11 31 5 86 
-38 47 -72 46 21 -21 -101 -1 -77 -6 
-42 37 -162 20 21 -33 -133 -91 -117 -60 
-52 25 -194 8 -5 -37 -223 -123 -199 -128 
-64 13 -284 4 -17 -47 -255 -213 -239 -182 
-76 9 -316 -6 -21 -59 -345 -245 -321 -250 
-80 -1 -406 -18 -31 -71 -377 -335 -361 -304 LOOP

0 2135137969 2135137884 2135137969 2135137880 16 2135137872 2135137969 2135137884 2135137969 
0 2135137892 2135137795 2135137888 2135137799 16 -81 2135137969 2135137828 2135137906 
0 -16 -118 -64 -117 16 -81 2135137969 2135137747 2135137825 
0 -110 -202 -114 -203 16 -155 2135137969 -169 -91 
0 -194 -288 -198 -287 16 -239 2135137969 -255 -177 
0 -280 -372 -284 -373 16 -325 2135137969 -339 -261 
0 -364 -458 -368 -457 16 -409 2135137969 -425 -347 
0 -450 -542 -454 -543 16 -495 2135137969 -509 -431 
0 -534 -628 -538 -627 16 -579 2135137969 -595 -517 LOOP

0 85 2135137884 2135137969 2135137879 20 -65 2135137969 2135137889 2135137969 
-130 -15 -150 25 -145 -40 -65 2135137932 -145 2135137969 
-130 -145 -150 -143 -145 -110 -235 -92 -145 -60 
-300 -185 -320 -145 -315 -210 -235 -92 -315 -78 
-300 -315 -320 -313 -315 -280 -405 -262 -315 -230 
-470 -355 -490 -315 -485 -380 -405 -262 -485 -248 
-470 -485 -490 -483 -485 -450 -575 -432 -485 -400 
-640 -525 -660 -485 -655 -550 -575 -432 -655 -418 
-640 -655 -660 -653 -655 -620 -745 -602 -655 -570 LOOP

0 16 2135137884 2135137969 2135137895 2135137969 2135137869 34 2135137940 2135137969 
0 16 2135137828 68 2135137795 2135137947 -66 26 2135137864 2135137960 
-8 16 -107 -40 -140 2135137847 -74 26 2135137778 2135137860 
-8 8 -149 -48 -148 -88 -74 -6 -157 -75 
-40 4 -177 -48 -174 -128 -106 -14 -169 -137 
-48 -24 -213 -80 -186 -140 -114 -14 -197 -149 
-48 -32 -225 -88 -222 -168 -114 -46 -233 -177 
-80 -36 -253 -88 -250 -204 -146 -54 -245 -213 
-88 -64 -289 -120 -262 -216 -154 -54 -273 -225 LOOP

0 2135137969 -49 58 2135137951 2135137969 2135137929 2135137969 2135137884 2135137969 
-98 36 -49 16 2135137874 -20 2135137844 9 -27 2135137942 
-98 12 -147 -40 -37 -20 -67 -15 -69 38 
-196 -62 -147 -82 -85 -118 -109 -89 -125 -54 
-196 -86 -245 -138 -135 -118 -165 -113 -167 -96 
-294 -160 -245 -180 -183 -216 -207 -187 -223 -152 
-294 -184 -343 -236 -233 -216 -263 -211 -265 -194 
-392 -258 -343 -278 -281 -314 -305 -285 -321 -250 
-392 -282 -441 -334 -331 -314 -361 -309 -363 -292 LOOP

0 2135137969 2135137933 2135137969 2135137869 2135137969 2135137959 53 2135137956 2135137969 
0 2135137903 2135137859 2135137951 2135137869 2135137969 43 53 40 2135137969 
0 2135137895 2135137859 140 2135137849 122 39 53 40 2135137923 
0 156 2135137839 124 22 122 39 49 38 2135137923 
-4 56 12 104 22 120 37 49 36 256 
-4 48 12 76 2 90 35 47 36 76 
-6 36 -8 68 -10 78 35 45 34 76 
-8 24 -20 56 -22 70 33 45 32 56 
-8 12 -32 44 -30 58 31 43 32 44 LOOP

0 2135137969 -32 2135137969 2135137935 2135137969 2135137888 72 2135137901 2135137969 
-64 161 -32 2135137904 2135137854 41 -9 -24 2135137830 2135137930 
-96 17 -96 7 -43 25 -105 -24 -67 76 
-128 -79 -128 -89 -139 -71 -125 -88 -163 -38 
-160 -123 -160 -145 -183 -91 -221 -120 -183 -134 
-192 -195 -192 -205 -255 -187 -241 -152 -279 -154 
-224 -239 -224 -261 -299 -207 -337 -184 -299 -250 
-256 -311 -256 -321 -371 -303 -357 -216 -395 -270 
-288 -355 -288 -377 -415 -323 -453 -248 -415 -366 LOOP

0 2135137969 2135137917 2135137969 2135137879 100 -64 16 2135137908 2135137969 
-128 81 2135137874 21 -154 52 -64 16 2135137869 2135137953 
-128 69 -159 -129 -154 -28 -192 -112 -164 -80 
-256 -47 -181 -129 -282 -76 -192 -112 -190 -112 
-256 -59 -287 -257 -282 -156 -320 -240 -292 -208 
-384 -175 -309 -257 -410 -204 -320 -240 -318 -240 
-384 -187 -415 -385 -410 -284 -448 -368 -420 -336 
-512 -303 -437 -385 -538 -332 -448 -368 -446 -368 
-512 -315 -543 -513 -538 -412 -576 -496 -548 -464 LOOP
